[2025-05-03 16:44:22,862] INFO Registered kafka:type=kafka.Log4jController MBean (kafka.utils.Log4jControllerRegistration$)
[2025-05-03 16:44:23,021] ERROR Exiting Kafka due to fatal exception (kafka.Kafka$)
java.nio.file.NoSuchFileException: /opt/bitnami/kafka/config/server.properties
	at java.base/sun.nio.fs.UnixException.translateToIOException(UnixException.java:92)
	at java.base/sun.nio.fs.UnixException.rethrowAsIOException(UnixException.java:106)
	at java.base/sun.nio.fs.UnixException.rethrowAsIOException(UnixException.java:111)
	at java.base/sun.nio.fs.UnixFileSystemProvider.newByteChannel(UnixFileSystemProvider.java:218)
	at java.base/java.nio.file.Files.newByteChannel(Files.java:380)
	at java.base/java.nio.file.Files.newByteChannel(Files.java:432)
	at java.base/java.nio.file.spi.FileSystemProvider.newInputStream(FileSystemProvider.java:422)
	at java.base/java.nio.file.Files.newInputStream(Files.java:160)
	at org.apache.kafka.common.utils.Utils.loadProps(Utils.java:682)
	at org.apache.kafka.common.utils.Utils.loadProps(Utils.java:669)
	at kafka.Kafka$.getPropsFromArgs(Kafka.scala:52)
	at kafka.Kafka$.main(Kafka.scala:92)
	at kafka.Kafka.main(Kafka.scala)
[2025-05-03 16:50:10,363] INFO Registered kafka:type=kafka.Log4jController MBean (kafka.utils.Log4jControllerRegistration$)
[2025-05-03 16:50:10,522] ERROR Exiting Kafka due to fatal exception (kafka.Kafka$)
java.nio.file.NoSuchFileException: /opt/bitnami/kafka/config/server.properties
	at java.base/sun.nio.fs.UnixException.translateToIOException(UnixException.java:92)
	at java.base/sun.nio.fs.UnixException.rethrowAsIOException(UnixException.java:106)
	at java.base/sun.nio.fs.UnixException.rethrowAsIOException(UnixException.java:111)
	at java.base/sun.nio.fs.UnixFileSystemProvider.newByteChannel(UnixFileSystemProvider.java:218)
	at java.base/java.nio.file.Files.newByteChannel(Files.java:380)
	at java.base/java.nio.file.Files.newByteChannel(Files.java:432)
	at java.base/java.nio.file.spi.FileSystemProvider.newInputStream(FileSystemProvider.java:422)
	at java.base/java.nio.file.Files.newInputStream(Files.java:160)
	at org.apache.kafka.common.utils.Utils.loadProps(Utils.java:682)
	at org.apache.kafka.common.utils.Utils.loadProps(Utils.java:669)
	at kafka.Kafka$.getPropsFromArgs(Kafka.scala:52)
	at kafka.Kafka$.main(Kafka.scala:92)
	at kafka.Kafka.main(Kafka.scala)
[2025-05-03 16:59:56,735] INFO Registered kafka:type=kafka.Log4jController MBean (kafka.utils.Log4jControllerRegistration$)
[2025-05-03 16:59:56,882] ERROR Exiting Kafka due to fatal exception (kafka.Kafka$)
java.nio.file.NoSuchFileException: /opt/bitnami/kafka/config/server.properties
	at java.base/sun.nio.fs.UnixException.translateToIOException(UnixException.java:92)
	at java.base/sun.nio.fs.UnixException.rethrowAsIOException(UnixException.java:106)
	at java.base/sun.nio.fs.UnixException.rethrowAsIOException(UnixException.java:111)
	at java.base/sun.nio.fs.UnixFileSystemProvider.newByteChannel(UnixFileSystemProvider.java:218)
	at java.base/java.nio.file.Files.newByteChannel(Files.java:380)
	at java.base/java.nio.file.Files.newByteChannel(Files.java:432)
	at java.base/java.nio.file.spi.FileSystemProvider.newInputStream(FileSystemProvider.java:422)
	at java.base/java.nio.file.Files.newInputStream(Files.java:160)
	at org.apache.kafka.common.utils.Utils.loadProps(Utils.java:682)
	at org.apache.kafka.common.utils.Utils.loadProps(Utils.java:669)
	at kafka.Kafka$.getPropsFromArgs(Kafka.scala:52)
	at kafka.Kafka$.main(Kafka.scala:92)
	at kafka.Kafka.main(Kafka.scala)
[2025-05-03 17:01:59,081] INFO Registered kafka:type=kafka.Log4jController MBean (kafka.utils.Log4jControllerRegistration$)
[2025-05-03 17:01:59,277] INFO Setting -D jdk.tls.rejectClientInitiatedRenegotiation=true to disable client-initiated TLS renegotiation (org.apache.zookeeper.common.X509Util)
[2025-05-03 17:01:59,427] INFO Registered signal handlers for TERM, INT, HUP (org.apache.kafka.common.utils.LoggingSignalHandler)
[2025-05-03 17:01:59,430] INFO Starting controller (kafka.server.ControllerServer)
[2025-05-03 17:01:59,770] INFO Updated connection-accept-rate max connection creation rate to 2147483647 (kafka.network.ConnectionQuotas)
[2025-05-03 17:01:59,790] INFO Awaiting socket connections on 0.0.0.0:9093. (kafka.network.DataPlaneAcceptor)
[2025-05-03 17:01:59,824] INFO [SocketServer listenerType=CONTROLLER, nodeId=0] Created data-plane acceptor and processors for endpoint : ListenerName(CONTROLLER) (kafka.network.SocketServer)
[2025-05-03 17:01:59,826] INFO [SharedServer id=0] Starting SharedServer (kafka.server.SharedServer)
[2025-05-03 17:01:59,900] INFO [LogLoader partition=__cluster_metadata-0, dir=/bitnami/kafka/data] Loading producer state till offset 0 with message format version 2 (kafka.log.UnifiedLog$)
[2025-05-03 17:01:59,901] INFO [LogLoader partition=__cluster_metadata-0, dir=/bitnami/kafka/data] Reloading from producer snapshot and rebuilding producer state from offset 0 (kafka.log.UnifiedLog$)
[2025-05-03 17:01:59,903] INFO [LogLoader partition=__cluster_metadata-0, dir=/bitnami/kafka/data] Producer state recovery took 1ms for snapshot load and 0ms for segment recovery from offset 0 (kafka.log.UnifiedLog$)
[2025-05-03 17:01:59,938] INFO Initialized snapshots with IDs Set() from /bitnami/kafka/data/__cluster_metadata-0 (kafka.raft.KafkaMetadataLog$)
[2025-05-03 17:01:59,957] INFO [raft-expiration-reaper]: Starting (kafka.raft.TimingWheelExpirationService$ExpiredOperationReaper)
[2025-05-03 17:02:00,093] INFO [RaftManager nodeId=0] Completed transition to Unattached(epoch=0, voters=[0], electionTimeoutMs=1437) (org.apache.kafka.raft.QuorumState)
[2025-05-03 17:02:00,102] INFO [RaftManager nodeId=0] Completed transition to CandidateState(localId=0, epoch=1, retries=1, electionTimeoutMs=1061) (org.apache.kafka.raft.QuorumState)
[2025-05-03 17:02:00,111] INFO [RaftManager nodeId=0] Completed transition to Leader(localId=0, epoch=1, epochStartOffset=0, highWatermark=Optional.empty, voterStates={0=ReplicaState(nodeId=0, endOffset=Optional.empty, lastFetchTimestamp=-1, lastCaughtUpTimestamp=-1, hasAcknowledgedLeader=true)}) (org.apache.kafka.raft.QuorumState)
[2025-05-03 17:02:00,143] INFO [kafka-raft-outbound-request-thread]: Starting (kafka.raft.RaftSendThread)
[2025-05-03 17:02:00,143] INFO [kafka-raft-io-thread]: Starting (kafka.raft.KafkaRaftManager$RaftIoThread)
[2025-05-03 17:02:00,158] INFO [MetadataLoader 0] initializeNewPublishers: the loader is still catching up because we still don't know the high water mark yet. (org.apache.kafka.image.loader.MetadataLoader)
[2025-05-03 17:02:00,166] INFO [RaftManager nodeId=0] High watermark set to LogOffsetMetadata(offset=1, metadata=Optional[(segmentBaseOffset=0,relativePositionInSegment=91)]) for the first time for epoch 1 based on indexOfHw 0 and voters [ReplicaState(nodeId=0, endOffset=Optional[LogOffsetMetadata(offset=1, metadata=Optional[(segmentBaseOffset=0,relativePositionInSegment=91)])], lastFetchTimestamp=-1, lastCaughtUpTimestamp=-1, hasAcknowledgedLeader=true)] (org.apache.kafka.raft.LeaderState)
[2025-05-03 17:02:00,179] INFO [RaftManager nodeId=0] Registered the listener org.apache.kafka.image.loader.MetadataLoader@1713652331 (org.apache.kafka.raft.KafkaRaftClient)
[2025-05-03 17:02:00,183] INFO [Controller 0] Creating new QuorumController with clusterId lnzhxmsOSS6Doikj9hvU1w, authorizer Optional.empty. (org.apache.kafka.controller.QuorumController)
[2025-05-03 17:02:00,184] INFO [RaftManager nodeId=0] Registered the listener org.apache.kafka.controller.QuorumController$QuorumMetaLogListener@1264165359 (org.apache.kafka.raft.KafkaRaftClient)
[2025-05-03 17:02:00,185] INFO [MetadataLoader 0] handleCommit: The loader is still catching up because we have loaded up to offset -1, but the high water mark is 1 (org.apache.kafka.image.loader.MetadataLoader)
[2025-05-03 17:02:00,186] INFO [Controller 0] Becoming the active controller at epoch 1, committed offset -1, committed epoch -1 (org.apache.kafka.controller.QuorumController)
[2025-05-03 17:02:00,189] INFO [Controller 0] The metadata log appears to be empty. Appending 1 bootstrap record(s) at metadata.version 3.4-IV0 from the binary bootstrap metadata file: /bitnami/kafka/data/bootstrap.checkpoint. (org.apache.kafka.controller.QuorumController)
[2025-05-03 17:02:00,190] INFO [Controller 0] Setting metadata.version to 8 (org.apache.kafka.controller.FeatureControlManager)
[2025-05-03 17:02:00,190] INFO [ThrottledChannelReaper-Fetch]: Starting (kafka.server.ClientQuotaManager$ThrottledChannelReaper)
[2025-05-03 17:02:00,191] INFO [ThrottledChannelReaper-Produce]: Starting (kafka.server.ClientQuotaManager$ThrottledChannelReaper)
[2025-05-03 17:02:00,192] INFO [ThrottledChannelReaper-Request]: Starting (kafka.server.ClientQuotaManager$ThrottledChannelReaper)
[2025-05-03 17:02:00,195] INFO [ThrottledChannelReaper-ControllerMutation]: Starting (kafka.server.ClientQuotaManager$ThrottledChannelReaper)
[2025-05-03 17:02:00,210] INFO [ExpirationReaper-0-AlterAcls]: Starting (kafka.server.DelayedOperationPurgatory$ExpiredOperationReaper)
[2025-05-03 17:02:00,214] INFO [SocketServer listenerType=CONTROLLER, nodeId=0] Enabling request processing. (kafka.network.SocketServer)
[2025-05-03 17:02:00,219] INFO [BrokerServer id=0] Transition from SHUTDOWN to STARTING (kafka.server.BrokerServer)
[2025-05-03 17:02:00,220] INFO [BrokerServer id=0] Starting broker (kafka.server.BrokerServer)
[2025-05-03 17:02:00,222] INFO [MetadataLoader 0] handleCommit: The loader finished catching up to the current high water mark of 2 (org.apache.kafka.image.loader.MetadataLoader)
[2025-05-03 17:02:00,231] INFO [ThrottledChannelReaper-Fetch]: Starting (kafka.server.ClientQuotaManager$ThrottledChannelReaper)
[2025-05-03 17:02:00,231] INFO [ThrottledChannelReaper-Request]: Starting (kafka.server.ClientQuotaManager$ThrottledChannelReaper)
[2025-05-03 17:02:00,231] INFO [ThrottledChannelReaper-ControllerMutation]: Starting (kafka.server.ClientQuotaManager$ThrottledChannelReaper)
[2025-05-03 17:02:00,231] INFO [ThrottledChannelReaper-Produce]: Starting (kafka.server.ClientQuotaManager$ThrottledChannelReaper)
[2025-05-03 17:02:00,255] INFO [BrokerToControllerChannelManager broker=0 name=forwarding]: Starting (kafka.server.BrokerToControllerRequestThread)
[2025-05-03 17:02:00,256] INFO [BrokerToControllerChannelManager broker=0 name=forwarding]: Recorded new controller, from now on will use node kafka:9093 (id: 0 rack: null) (kafka.server.BrokerToControllerRequestThread)
[2025-05-03 17:02:00,260] INFO [MetadataLoader 0] InitializeNewPublishers: initializing SnapshotGenerator with a snapshot at offset 1 (org.apache.kafka.image.loader.MetadataLoader)
[2025-05-03 17:02:00,286] INFO Updated connection-accept-rate max connection creation rate to 2147483647 (kafka.network.ConnectionQuotas)
[2025-05-03 17:02:00,286] INFO Awaiting socket connections on 0.0.0.0:9092. (kafka.network.DataPlaneAcceptor)
[2025-05-03 17:02:00,291] INFO [SocketServer listenerType=BROKER, nodeId=0] Created data-plane acceptor and processors for endpoint : ListenerName(PLAINTEXT) (kafka.network.SocketServer)
[2025-05-03 17:02:00,297] INFO [BrokerToControllerChannelManager broker=0 name=alterPartition]: Starting (kafka.server.BrokerToControllerRequestThread)
[2025-05-03 17:02:00,298] INFO [BrokerToControllerChannelManager broker=0 name=alterPartition]: Recorded new controller, from now on will use node kafka:9093 (id: 0 rack: null) (kafka.server.BrokerToControllerRequestThread)
[2025-05-03 17:02:00,309] INFO [ExpirationReaper-0-Produce]: Starting (kafka.server.DelayedOperationPurgatory$ExpiredOperationReaper)
[2025-05-03 17:02:00,310] INFO [ExpirationReaper-0-Fetch]: Starting (kafka.server.DelayedOperationPurgatory$ExpiredOperationReaper)
[2025-05-03 17:02:00,311] INFO [ExpirationReaper-0-DeleteRecords]: Starting (kafka.server.DelayedOperationPurgatory$ExpiredOperationReaper)
[2025-05-03 17:02:00,312] INFO [ExpirationReaper-0-ElectLeader]: Starting (kafka.server.DelayedOperationPurgatory$ExpiredOperationReaper)
[2025-05-03 17:02:00,330] INFO [ExpirationReaper-0-Heartbeat]: Starting (kafka.server.DelayedOperationPurgatory$ExpiredOperationReaper)
[2025-05-03 17:02:00,331] INFO [ExpirationReaper-0-Rebalance]: Starting (kafka.server.DelayedOperationPurgatory$ExpiredOperationReaper)
[2025-05-03 17:02:00,374] INFO [RaftManager nodeId=0] Registered the listener kafka.server.metadata.BrokerMetadataListener@1163217693 (org.apache.kafka.raft.KafkaRaftClient)
[2025-05-03 17:02:00,375] INFO [BrokerToControllerChannelManager broker=0 name=heartbeat]: Starting (kafka.server.BrokerToControllerRequestThread)
[2025-05-03 17:02:00,376] INFO [BrokerToControllerChannelManager broker=0 name=heartbeat]: Recorded new controller, from now on will use node kafka:9093 (id: 0 rack: null) (kafka.server.BrokerToControllerRequestThread)
[2025-05-03 17:02:00,377] INFO [BrokerLifecycleManager id=0] Incarnation lObCkWIxQx-Xshwq5AU1Ww of broker 0 in cluster lnzhxmsOSS6Doikj9hvU1w is now STARTING. (kafka.server.BrokerLifecycleManager)
[2025-05-03 17:02:00,399] INFO [ExpirationReaper-0-AlterAcls]: Starting (kafka.server.DelayedOperationPurgatory$ExpiredOperationReaper)
[2025-05-03 17:02:00,403] INFO [BrokerServer id=0] Waiting for broker metadata to catch up. (kafka.server.BrokerServer)
[2025-05-03 17:02:00,441] INFO [Controller 0] Registered new broker: RegisterBrokerRecord(brokerId=0, isMigratingZkBroker=false, incarnationId=lObCkWIxQx-Xshwq5AU1Ww, brokerEpoch=2, endPoints=[BrokerEndpoint(name='PLAINTEXT', host='fb372031d703', port=9092, securityProtocol=0)], features=[BrokerFeature(name='metadata.version', minSupportedVersion=1, maxSupportedVersion=8)], rack=null, fenced=true, inControlledShutdown=false) (org.apache.kafka.controller.ClusterControlManager)
[2025-05-03 17:02:00,471] INFO [BrokerLifecycleManager id=0] Successfully registered broker 0 with broker epoch 2 (kafka.server.BrokerLifecycleManager)
[2025-05-03 17:02:00,477] INFO [BrokerLifecycleManager id=0] The broker has caught up. Transitioning from STARTING to RECOVERY. (kafka.server.BrokerLifecycleManager)
[2025-05-03 17:02:00,481] INFO [BrokerMetadataListener id=0] Starting to publish metadata events at offset 2. (kafka.server.metadata.BrokerMetadataListener)
[2025-05-03 17:02:00,485] INFO [BrokerMetadataPublisher id=0] Publishing initial metadata at offset OffsetAndEpoch(offset=2, epoch=1) with metadata.version 3.4-IV0. (kafka.server.metadata.BrokerMetadataPublisher)
[2025-05-03 17:02:00,486] INFO Loading logs from log dirs ArrayBuffer(/bitnami/kafka/data) (kafka.log.LogManager)
[2025-05-03 17:02:00,489] INFO Attempting recovery for all logs in /bitnami/kafka/data since no clean shutdown file was found (kafka.log.LogManager)
[2025-05-03 17:02:00,491] INFO [BrokerLifecycleManager id=0] The broker is in RECOVERY. (kafka.server.BrokerLifecycleManager)
[2025-05-03 17:02:00,503] INFO Loaded 0 logs in 16ms. (kafka.log.LogManager)
[2025-05-03 17:02:00,503] INFO Starting log cleanup with a period of 300000 ms. (kafka.log.LogManager)
[2025-05-03 17:02:00,505] INFO Starting log flusher with a default period of 9223372036854775807 ms. (kafka.log.LogManager)
[2025-05-03 17:02:00,518] INFO Starting the log cleaner (kafka.log.LogCleaner)
[2025-05-03 17:02:00,571] INFO [kafka-log-cleaner-thread-0]: Starting (kafka.log.LogCleaner)
[2025-05-03 17:02:00,573] INFO [LogDirFailureHandler]: Starting (kafka.server.ReplicaManager$LogDirFailureHandler)
[2025-05-03 17:02:00,574] INFO [GroupCoordinator 0]: Starting up. (kafka.coordinator.group.GroupCoordinator)
[2025-05-03 17:02:00,576] INFO [GroupCoordinator 0]: Startup complete. (kafka.coordinator.group.GroupCoordinator)
[2025-05-03 17:02:00,577] INFO [TransactionCoordinator id=0] Starting up. (kafka.coordinator.transaction.TransactionCoordinator)
[2025-05-03 17:02:00,578] INFO [Transaction Marker Channel Manager 0]: Starting (kafka.coordinator.transaction.TransactionMarkerChannelManager)
[2025-05-03 17:02:00,578] INFO [TransactionCoordinator id=0] Startup complete. (kafka.coordinator.transaction.TransactionCoordinator)
[2025-05-03 17:02:00,580] INFO [BrokerMetadataPublisher id=0] Updating metadata.version to 8 at offset OffsetAndEpoch(offset=2, epoch=1). (kafka.server.metadata.BrokerMetadataPublisher)
[2025-05-03 17:02:00,588] INFO KafkaConfig values: 
	advertised.listeners = null
	alter.config.policy.class.name = null
	alter.log.dirs.replication.quota.window.num = 11
	alter.log.dirs.replication.quota.window.size.seconds = 1
	authorizer.class.name = 
	auto.create.topics.enable = true
	auto.include.jmx.reporter = true
	auto.leader.rebalance.enable = true
	background.threads = 10
	broker.heartbeat.interval.ms = 2000
	broker.id = 0
	broker.id.generation.enable = true
	broker.rack = null
	broker.session.timeout.ms = 9000
	client.quota.callback.class = null
	compression.type = producer
	connection.failed.authentication.delay.ms = 100
	connections.max.idle.ms = 600000
	connections.max.reauth.ms = 0
	control.plane.listener.name = null
	controlled.shutdown.enable = true
	controlled.shutdown.max.retries = 3
	controlled.shutdown.retry.backoff.ms = 5000
	controller.listener.names = CONTROLLER
	controller.quorum.append.linger.ms = 25
	controller.quorum.election.backoff.max.ms = 1000
	controller.quorum.election.timeout.ms = 1000
	controller.quorum.fetch.timeout.ms = 2000
	controller.quorum.request.timeout.ms = 2000
	controller.quorum.retry.backoff.ms = 20
	controller.quorum.voters = [0@kafka:9093]
	controller.quota.window.num = 11
	controller.quota.window.size.seconds = 1
	controller.socket.timeout.ms = 30000
	create.topic.policy.class.name = null
	default.replication.factor = 1
	delegation.token.expiry.check.interval.ms = 3600000
	delegation.token.expiry.time.ms = 86400000
	delegation.token.master.key = null
	delegation.token.max.lifetime.ms = 604800000
	delegation.token.secret.key = null
	delete.records.purgatory.purge.interval.requests = 1
	delete.topic.enable = true
	early.start.listeners = null
	fetch.max.bytes = 57671680
	fetch.purgatory.purge.interval.requests = 1000
	group.initial.rebalance.delay.ms = 3000
	group.max.session.timeout.ms = 1800000
	group.max.size = 2147483647
	group.min.session.timeout.ms = 6000
	initial.broker.registration.timeout.ms = 60000
	inter.broker.listener.name = null
	inter.broker.protocol.version = 3.4-IV0
	kafka.metrics.polling.interval.secs = 10
	kafka.metrics.reporters = []
	leader.imbalance.check.interval.seconds = 300
	leader.imbalance.per.broker.percentage = 10
	listener.security.protocol.map = CONTROLLER:PLAINTEXT,PLAINTEXT:PLAINTEXT
	listeners = PLAINTEXT://:9092,CONTROLLER://:9093
	log.cleaner.backoff.ms = 15000
	log.cleaner.dedupe.buffer.size = 134217728
	log.cleaner.delete.retention.ms = 86400000
	log.cleaner.enable = true
	log.cleaner.io.buffer.load.factor = 0.9
	log.cleaner.io.buffer.size = 524288
	log.cleaner.io.max.bytes.per.second = 1.7976931348623157E308
	log.cleaner.max.compaction.lag.ms = 9223372036854775807
	log.cleaner.min.cleanable.ratio = 0.5
	log.cleaner.min.compaction.lag.ms = 0
	log.cleaner.threads = 1
	log.cleanup.policy = [delete]
	log.dir = /tmp/kafka-logs
	log.dirs = /bitnami/kafka/data
	log.flush.interval.messages = 9223372036854775807
	log.flush.interval.ms = null
	log.flush.offset.checkpoint.interval.ms = 60000
	log.flush.scheduler.interval.ms = 9223372036854775807
	log.flush.start.offset.checkpoint.interval.ms = 60000
	log.index.interval.bytes = 4096
	log.index.size.max.bytes = 10485760
	log.message.downconversion.enable = true
	log.message.format.version = 3.0-IV1
	log.message.timestamp.difference.max.ms = 9223372036854775807
	log.message.timestamp.type = CreateTime
	log.preallocate = false
	log.retention.bytes = -1
	log.retention.check.interval.ms = 300000
	log.retention.hours = 168
	log.retention.minutes = null
	log.retention.ms = null
	log.roll.hours = 168
	log.roll.jitter.hours = 0
	log.roll.jitter.ms = null
	log.roll.ms = null
	log.segment.bytes = 1073741824
	log.segment.delete.delay.ms = 60000
	max.connection.creation.rate = 2147483647
	max.connections = 2147483647
	max.connections.per.ip = 2147483647
	max.connections.per.ip.overrides = 
	max.incremental.fetch.session.cache.slots = 1000
	message.max.bytes = 1048588
	metadata.log.dir = null
	metadata.log.max.record.bytes.between.snapshots = 20971520
	metadata.log.max.snapshot.interval.ms = 3600000
	metadata.log.segment.bytes = 1073741824
	metadata.log.segment.min.bytes = 8388608
	metadata.log.segment.ms = 604800000
	metadata.max.idle.interval.ms = 500
	metadata.max.retention.bytes = 104857600
	metadata.max.retention.ms = 604800000
	metric.reporters = []
	metrics.num.samples = 2
	metrics.recording.level = INFO
	metrics.sample.window.ms = 30000
	min.insync.replicas = 1
	node.id = 0
	num.io.threads = 8
	num.network.threads = 3
	num.partitions = 1
	num.recovery.threads.per.data.dir = 1
	num.replica.alter.log.dirs.threads = null
	num.replica.fetchers = 1
	offset.metadata.max.bytes = 4096
	offsets.commit.required.acks = -1
	offsets.commit.timeout.ms = 5000
	offsets.load.buffer.size = 5242880
	offsets.retention.check.interval.ms = 600000
	offsets.retention.minutes = 10080
	offsets.topic.compression.codec = 0
	offsets.topic.num.partitions = 50
	offsets.topic.replication.factor = 1
	offsets.topic.segment.bytes = 104857600
	password.encoder.cipher.algorithm = AES/CBC/PKCS5Padding
	password.encoder.iterations = 4096
	password.encoder.key.length = 128
	password.encoder.keyfactory.algorithm = null
	password.encoder.old.secret = null
	password.encoder.secret = null
	principal.builder.class = class org.apache.kafka.common.security.authenticator.DefaultKafkaPrincipalBuilder
	process.roles = [controller, broker]
	producer.id.expiration.check.interval.ms = 600000
	producer.id.expiration.ms = 86400000
	producer.purgatory.purge.interval.requests = 1000
	queued.max.request.bytes = -1
	queued.max.requests = 500
	quota.window.num = 11
	quota.window.size.seconds = 1
	remote.log.index.file.cache.total.size.bytes = 1073741824
	remote.log.manager.task.interval.ms = 30000
	remote.log.manager.task.retry.backoff.max.ms = 30000
	remote.log.manager.task.retry.backoff.ms = 500
	remote.log.manager.task.retry.jitter = 0.2
	remote.log.manager.thread.pool.size = 10
	remote.log.metadata.manager.class.name = null
	remote.log.metadata.manager.class.path = null
	remote.log.metadata.manager.impl.prefix = null
	remote.log.metadata.manager.listener.name = null
	remote.log.reader.max.pending.tasks = 100
	remote.log.reader.threads = 10
	remote.log.storage.manager.class.name = null
	remote.log.storage.manager.class.path = null
	remote.log.storage.manager.impl.prefix = null
	remote.log.storage.system.enable = false
	replica.fetch.backoff.ms = 1000
	replica.fetch.max.bytes = 1048576
	replica.fetch.min.bytes = 1
	replica.fetch.response.max.bytes = 10485760
	replica.fetch.wait.max.ms = 500
	replica.high.watermark.checkpoint.interval.ms = 5000
	replica.lag.time.max.ms = 30000
	replica.selector.class = null
	replica.socket.receive.buffer.bytes = 65536
	replica.socket.timeout.ms = 30000
	replication.quota.window.num = 11
	replication.quota.window.size.seconds = 1
	request.timeout.ms = 30000
	reserved.broker.max.id = 1000
	sasl.client.callback.handler.class = null
	sasl.enabled.mechanisms = [PLAIN, SCRAM-SHA-256, SCRAM-SHA-512]
	sasl.jaas.config = null
	sasl.kerberos.kinit.cmd = /usr/bin/kinit
	sasl.kerberos.min.time.before.relogin = 60000
	sasl.kerberos.principal.to.local.rules = [DEFAULT]
	sasl.kerberos.service.name = null
	sasl.kerberos.ticket.renew.jitter = 0.05
	sasl.kerberos.ticket.renew.window.factor = 0.8
	sasl.login.callback.handler.class = null
	sasl.login.class = null
	sasl.login.connect.timeout.ms = null
	sasl.login.read.timeout.ms = null
	sasl.login.refresh.buffer.seconds = 300
	sasl.login.refresh.min.period.seconds = 60
	sasl.login.refresh.window.factor = 0.8
	sasl.login.refresh.window.jitter = 0.05
	sasl.login.retry.backoff.max.ms = 10000
	sasl.login.retry.backoff.ms = 100
	sasl.mechanism.controller.protocol = GSSAPI
	sasl.mechanism.inter.broker.protocol = GSSAPI
	sasl.oauthbearer.clock.skew.seconds = 30
	sasl.oauthbearer.expected.audience = null
	sasl.oauthbearer.expected.issuer = null
	sasl.oauthbearer.jwks.endpoint.refresh.ms = 3600000
	sasl.oauthbearer.jwks.endpoint.retry.backoff.max.ms = 10000
	sasl.oauthbearer.jwks.endpoint.retry.backoff.ms = 100
	sasl.oauthbearer.jwks.endpoint.url = null
	sasl.oauthbearer.scope.claim.name = scope
	sasl.oauthbearer.sub.claim.name = sub
	sasl.oauthbearer.token.endpoint.url = null
	sasl.server.callback.handler.class = null
	sasl.server.max.receive.size = 524288
	security.inter.broker.protocol = PLAINTEXT
	security.providers = null
	socket.connection.setup.timeout.max.ms = 30000
	socket.connection.setup.timeout.ms = 10000
	socket.listen.backlog.size = 50
	socket.receive.buffer.bytes = 102400
	socket.request.max.bytes = 104857600
	socket.send.buffer.bytes = 102400
	ssl.cipher.suites = []
	ssl.client.auth = none
	ssl.enabled.protocols = [TLSv1.2, TLSv1.3]
	ssl.endpoint.identification.algorithm = https
	ssl.engine.factory.class = null
	ssl.key.password = null
	ssl.keymanager.algorithm = SunX509
	ssl.keystore.certificate.chain = null
	ssl.keystore.key = null
	ssl.keystore.location = null
	ssl.keystore.password = null
	ssl.keystore.type = JKS
	ssl.principal.mapping.rules = DEFAULT
	ssl.protocol = TLSv1.3
	ssl.provider = null
	ssl.secure.random.implementation = null
	ssl.trustmanager.algorithm = PKIX
	ssl.truststore.certificates = null
	ssl.truststore.location = null
	ssl.truststore.password = null
	ssl.truststore.type = JKS
	transaction.abort.timed.out.transaction.cleanup.interval.ms = 10000
	transaction.max.timeout.ms = 900000
	transaction.remove.expired.transaction.cleanup.interval.ms = 3600000
	transaction.state.log.load.buffer.size = 5242880
	transaction.state.log.min.isr = 1
	transaction.state.log.num.partitions = 50
	transaction.state.log.replication.factor = 1
	transaction.state.log.segment.bytes = 104857600
	transactional.id.expiration.ms = 604800000
	unclean.leader.election.enable = false
	zookeeper.clientCnxnSocket = null
	zookeeper.connect = null
	zookeeper.connection.timeout.ms = null
	zookeeper.max.in.flight.requests = 10
	zookeeper.metadata.migration.enable = false
	zookeeper.session.timeout.ms = 18000
	zookeeper.set.acl = false
	zookeeper.ssl.cipher.suites = null
	zookeeper.ssl.client.enable = false
	zookeeper.ssl.crl.enable = false
	zookeeper.ssl.enabled.protocols = null
	zookeeper.ssl.endpoint.identification.algorithm = HTTPS
	zookeeper.ssl.keystore.location = null
	zookeeper.ssl.keystore.password = null
	zookeeper.ssl.keystore.type = null
	zookeeper.ssl.ocsp.enable = false
	zookeeper.ssl.protocol = TLSv1.2
	zookeeper.ssl.truststore.location = null
	zookeeper.ssl.truststore.password = null
	zookeeper.ssl.truststore.type = null
 (kafka.server.KafkaConfig)
[2025-05-03 17:02:00,593] INFO [SocketServer listenerType=BROKER, nodeId=0] Enabling request processing. (kafka.network.SocketServer)
[2025-05-03 17:02:00,596] INFO [Controller 0] The request from broker 0 to unfence has been granted because it has caught up with the offset of it's register broker record 2. (org.apache.kafka.controller.BrokerHeartbeatManager)
[2025-05-03 17:02:00,627] INFO [BrokerLifecycleManager id=0] The broker has been unfenced. Transitioning from RECOVERY to RUNNING. (kafka.server.BrokerLifecycleManager)
[2025-05-03 17:02:00,627] INFO [BrokerServer id=0] Transition from STARTING to STARTED (kafka.server.BrokerServer)
[2025-05-03 17:02:00,628] INFO Kafka version: 3.4.1 (org.apache.kafka.common.utils.AppInfoParser)
[2025-05-03 17:02:00,629] INFO Kafka commitId: 8a516edc2755df89 (org.apache.kafka.common.utils.AppInfoParser)
[2025-05-03 17:02:00,629] INFO Kafka startTimeMs: 1746291720628 (org.apache.kafka.common.utils.AppInfoParser)
[2025-05-03 17:02:00,630] INFO [KafkaRaftServer nodeId=0] Kafka Server started (kafka.server.KafkaRaftServer)
[2025-05-03 17:03:18,114] INFO Terminating process due to signal SIGTERM (org.apache.kafka.common.utils.LoggingSignalHandler)
[2025-05-03 17:03:18,117] INFO [BrokerServer id=0] Transition from STARTED to SHUTTING_DOWN (kafka.server.BrokerServer)
[2025-05-03 17:03:18,118] INFO [BrokerServer id=0] shutting down (kafka.server.BrokerServer)
[2025-05-03 17:03:18,119] INFO [BrokerLifecycleManager id=0] Beginning controlled shutdown. (kafka.server.BrokerLifecycleManager)
[2025-05-03 17:03:18,121] INFO [Controller 0] Unfenced broker 0 has requested and been granted an immediate shutdown. (org.apache.kafka.controller.BrokerHeartbeatManager)
[2025-05-03 17:03:18,148] INFO [BrokerLifecycleManager id=0] The controller has asked us to exit controlled shutdown. (kafka.server.BrokerLifecycleManager)
[2025-05-03 17:03:18,151] INFO [BrokerLifecycleManager id=0] beginShutdown: shutting down event queue. (org.apache.kafka.queue.KafkaEventQueue)
[2025-05-03 17:03:18,151] INFO [BrokerLifecycleManager id=0] Transitioning from PENDING_CONTROLLED_SHUTDOWN to SHUTTING_DOWN. (kafka.server.BrokerLifecycleManager)
[2025-05-03 17:03:18,152] INFO [BrokerToControllerChannelManager broker=0 name=heartbeat]: Shutting down (kafka.server.BrokerToControllerRequestThread)
[2025-05-03 17:03:18,153] INFO [BrokerMetadataListener id=0] beginShutdown: shutting down event queue. (org.apache.kafka.queue.KafkaEventQueue)
[2025-05-03 17:03:18,153] INFO [BrokerToControllerChannelManager broker=0 name=heartbeat]: Stopped (kafka.server.BrokerToControllerRequestThread)
[2025-05-03 17:03:18,153] INFO [BrokerToControllerChannelManager broker=0 name=heartbeat]: Shutdown completed (kafka.server.BrokerToControllerRequestThread)
[2025-05-03 17:03:18,154] INFO [SocketServer listenerType=BROKER, nodeId=0] Stopping socket server request processors (kafka.network.SocketServer)
[2025-05-03 17:03:18,161] INFO Broker to controller channel manager for heartbeat shutdown (kafka.server.BrokerToControllerChannelManagerImpl)
[2025-05-03 17:03:18,161] INFO [SocketServer listenerType=BROKER, nodeId=0] Stopped socket server request processors (kafka.network.SocketServer)
[2025-05-03 17:03:18,162] INFO [data-plane Kafka Request Handler on Broker 0], shutting down (kafka.server.KafkaRequestHandlerPool)
[2025-05-03 17:03:18,163] INFO [data-plane Kafka Request Handler on Broker 0], shut down completely (kafka.server.KafkaRequestHandlerPool)
[2025-05-03 17:03:18,163] INFO [ExpirationReaper-0-AlterAcls]: Shutting down (kafka.server.DelayedOperationPurgatory$ExpiredOperationReaper)
[2025-05-03 17:03:18,165] INFO [ExpirationReaper-0-AlterAcls]: Stopped (kafka.server.DelayedOperationPurgatory$ExpiredOperationReaper)
[2025-05-03 17:03:18,165] INFO [ExpirationReaper-0-AlterAcls]: Shutdown completed (kafka.server.DelayedOperationPurgatory$ExpiredOperationReaper)
[2025-05-03 17:03:18,166] INFO [KafkaApi-0] Shutdown complete. (kafka.server.KafkaApis)
[2025-05-03 17:03:18,167] INFO [BrokerMetadataListener id=0] closed event queue. (org.apache.kafka.queue.KafkaEventQueue)
[2025-05-03 17:03:18,170] INFO [TransactionCoordinator id=0] Shutting down. (kafka.coordinator.transaction.TransactionCoordinator)
[2025-05-03 17:03:18,171] INFO [Transaction State Manager 0]: Shutdown complete (kafka.coordinator.transaction.TransactionStateManager)
[2025-05-03 17:03:18,171] INFO [Transaction Marker Channel Manager 0]: Shutting down (kafka.coordinator.transaction.TransactionMarkerChannelManager)
[2025-05-03 17:03:18,172] INFO [Transaction Marker Channel Manager 0]: Stopped (kafka.coordinator.transaction.TransactionMarkerChannelManager)
[2025-05-03 17:03:18,172] INFO [Transaction Marker Channel Manager 0]: Shutdown completed (kafka.coordinator.transaction.TransactionMarkerChannelManager)
[2025-05-03 17:03:18,174] INFO [TransactionCoordinator id=0] Shutdown complete. (kafka.coordinator.transaction.TransactionCoordinator)
[2025-05-03 17:03:18,174] INFO [GroupCoordinator 0]: Shutting down. (kafka.coordinator.group.GroupCoordinator)
[2025-05-03 17:03:18,175] INFO [ExpirationReaper-0-Heartbeat]: Shutting down (kafka.server.DelayedOperationPurgatory$ExpiredOperationReaper)
[2025-05-03 17:03:18,176] INFO [ExpirationReaper-0-Heartbeat]: Stopped (kafka.server.DelayedOperationPurgatory$ExpiredOperationReaper)
[2025-05-03 17:03:18,176] INFO [ExpirationReaper-0-Heartbeat]: Shutdown completed (kafka.server.DelayedOperationPurgatory$ExpiredOperationReaper)
[2025-05-03 17:03:18,177] INFO [ExpirationReaper-0-Rebalance]: Shutting down (kafka.server.DelayedOperationPurgatory$ExpiredOperationReaper)
[2025-05-03 17:03:18,177] INFO [ExpirationReaper-0-Rebalance]: Stopped (kafka.server.DelayedOperationPurgatory$ExpiredOperationReaper)
[2025-05-03 17:03:18,177] INFO [ExpirationReaper-0-Rebalance]: Shutdown completed (kafka.server.DelayedOperationPurgatory$ExpiredOperationReaper)
[2025-05-03 17:03:18,178] INFO [GroupCoordinator 0]: Shutdown complete. (kafka.coordinator.group.GroupCoordinator)
[2025-05-03 17:03:18,179] INFO [ReplicaManager broker=0] Shutting down (kafka.server.ReplicaManager)
[2025-05-03 17:03:18,180] INFO [LogDirFailureHandler]: Shutting down (kafka.server.ReplicaManager$LogDirFailureHandler)
[2025-05-03 17:03:18,180] INFO [LogDirFailureHandler]: Stopped (kafka.server.ReplicaManager$LogDirFailureHandler)
[2025-05-03 17:03:18,180] INFO [LogDirFailureHandler]: Shutdown completed (kafka.server.ReplicaManager$LogDirFailureHandler)
[2025-05-03 17:03:18,182] INFO [ReplicaFetcherManager on broker 0] shutting down (kafka.server.ReplicaFetcherManager)
[2025-05-03 17:03:18,183] INFO [ReplicaFetcherManager on broker 0] shutdown completed (kafka.server.ReplicaFetcherManager)
[2025-05-03 17:03:18,184] INFO [ReplicaAlterLogDirsManager on broker 0] shutting down (kafka.server.ReplicaAlterLogDirsManager)
[2025-05-03 17:03:18,184] INFO [ReplicaAlterLogDirsManager on broker 0] shutdown completed (kafka.server.ReplicaAlterLogDirsManager)
[2025-05-03 17:03:18,184] INFO [ExpirationReaper-0-Fetch]: Shutting down (kafka.server.DelayedOperationPurgatory$ExpiredOperationReaper)
[2025-05-03 17:03:18,185] INFO [ExpirationReaper-0-Fetch]: Shutdown completed (kafka.server.DelayedOperationPurgatory$ExpiredOperationReaper)
[2025-05-03 17:03:18,185] INFO [ExpirationReaper-0-Fetch]: Stopped (kafka.server.DelayedOperationPurgatory$ExpiredOperationReaper)
[2025-05-03 17:03:18,185] INFO [ExpirationReaper-0-Produce]: Shutting down (kafka.server.DelayedOperationPurgatory$ExpiredOperationReaper)
[2025-05-03 17:03:18,186] INFO [ExpirationReaper-0-Produce]: Stopped (kafka.server.DelayedOperationPurgatory$ExpiredOperationReaper)
[2025-05-03 17:03:18,186] INFO [ExpirationReaper-0-Produce]: Shutdown completed (kafka.server.DelayedOperationPurgatory$ExpiredOperationReaper)
[2025-05-03 17:03:18,187] INFO [ExpirationReaper-0-DeleteRecords]: Shutting down (kafka.server.DelayedOperationPurgatory$ExpiredOperationReaper)
[2025-05-03 17:03:18,187] INFO [ExpirationReaper-0-DeleteRecords]: Shutdown completed (kafka.server.DelayedOperationPurgatory$ExpiredOperationReaper)
[2025-05-03 17:03:18,187] INFO [ExpirationReaper-0-DeleteRecords]: Stopped (kafka.server.DelayedOperationPurgatory$ExpiredOperationReaper)
[2025-05-03 17:03:18,188] INFO [ExpirationReaper-0-ElectLeader]: Shutting down (kafka.server.DelayedOperationPurgatory$ExpiredOperationReaper)
[2025-05-03 17:03:18,189] INFO [ExpirationReaper-0-ElectLeader]: Stopped (kafka.server.DelayedOperationPurgatory$ExpiredOperationReaper)
[2025-05-03 17:03:18,189] INFO [ExpirationReaper-0-ElectLeader]: Shutdown completed (kafka.server.DelayedOperationPurgatory$ExpiredOperationReaper)
[2025-05-03 17:03:18,190] INFO [ReplicaManager broker=0] Shut down completely (kafka.server.ReplicaManager)
[2025-05-03 17:03:18,190] INFO [BrokerToControllerChannelManager broker=0 name=alterPartition]: Shutting down (kafka.server.BrokerToControllerRequestThread)
[2025-05-03 17:03:18,191] INFO [BrokerToControllerChannelManager broker=0 name=alterPartition]: Stopped (kafka.server.BrokerToControllerRequestThread)
[2025-05-03 17:03:18,191] INFO [BrokerToControllerChannelManager broker=0 name=alterPartition]: Shutdown completed (kafka.server.BrokerToControllerRequestThread)
[2025-05-03 17:03:18,192] INFO Broker to controller channel manager for alterPartition shutdown (kafka.server.BrokerToControllerChannelManagerImpl)
[2025-05-03 17:03:18,192] INFO [BrokerToControllerChannelManager broker=0 name=forwarding]: Shutting down (kafka.server.BrokerToControllerRequestThread)
[2025-05-03 17:03:18,192] INFO [BrokerToControllerChannelManager broker=0 name=forwarding]: Shutdown completed (kafka.server.BrokerToControllerRequestThread)
[2025-05-03 17:03:18,192] INFO [BrokerToControllerChannelManager broker=0 name=forwarding]: Stopped (kafka.server.BrokerToControllerRequestThread)
[2025-05-03 17:03:18,193] INFO Broker to controller channel manager for forwarding shutdown (kafka.server.BrokerToControllerChannelManagerImpl)
[2025-05-03 17:03:18,194] INFO Shutting down. (kafka.log.LogManager)
[2025-05-03 17:03:18,195] INFO Shutting down the log cleaner. (kafka.log.LogCleaner)
[2025-05-03 17:03:18,195] INFO [kafka-log-cleaner-thread-0]: Shutting down (kafka.log.LogCleaner)
[2025-05-03 17:03:18,196] INFO [kafka-log-cleaner-thread-0]: Stopped (kafka.log.LogCleaner)
[2025-05-03 17:03:18,196] INFO [kafka-log-cleaner-thread-0]: Shutdown completed (kafka.log.LogCleaner)
[2025-05-03 17:03:18,208] INFO Shutdown complete. (kafka.log.LogManager)
[2025-05-03 17:03:18,209] INFO [ThrottledChannelReaper-Fetch]: Shutting down (kafka.server.ClientQuotaManager$ThrottledChannelReaper)
[2025-05-03 17:03:18,212] INFO [ThrottledChannelReaper-Fetch]: Stopped (kafka.server.ClientQuotaManager$ThrottledChannelReaper)
[2025-05-03 17:03:18,212] INFO [ThrottledChannelReaper-Fetch]: Shutdown completed (kafka.server.ClientQuotaManager$ThrottledChannelReaper)
[2025-05-03 17:03:18,213] INFO [ThrottledChannelReaper-Produce]: Shutting down (kafka.server.ClientQuotaManager$ThrottledChannelReaper)
[2025-05-03 17:03:18,213] INFO [ThrottledChannelReaper-Produce]: Stopped (kafka.server.ClientQuotaManager$ThrottledChannelReaper)
[2025-05-03 17:03:18,213] INFO [ThrottledChannelReaper-Produce]: Shutdown completed (kafka.server.ClientQuotaManager$ThrottledChannelReaper)
[2025-05-03 17:03:18,214] INFO [ThrottledChannelReaper-Request]: Shutting down (kafka.server.ClientQuotaManager$ThrottledChannelReaper)
[2025-05-03 17:03:18,214] INFO [ThrottledChannelReaper-Request]: Stopped (kafka.server.ClientQuotaManager$ThrottledChannelReaper)
[2025-05-03 17:03:18,214] INFO [ThrottledChannelReaper-Request]: Shutdown completed (kafka.server.ClientQuotaManager$ThrottledChannelReaper)
[2025-05-03 17:03:18,214] INFO [ThrottledChannelReaper-ControllerMutation]: Shutting down (kafka.server.ClientQuotaManager$ThrottledChannelReaper)
[2025-05-03 17:03:18,215] INFO [ThrottledChannelReaper-ControllerMutation]: Stopped (kafka.server.ClientQuotaManager$ThrottledChannelReaper)
[2025-05-03 17:03:18,215] INFO [ThrottledChannelReaper-ControllerMutation]: Shutdown completed (kafka.server.ClientQuotaManager$ThrottledChannelReaper)
[2025-05-03 17:03:18,216] INFO [SocketServer listenerType=BROKER, nodeId=0] Shutting down socket server (kafka.network.SocketServer)
[2025-05-03 17:03:18,226] INFO [SocketServer listenerType=BROKER, nodeId=0] Shutdown completed (kafka.network.SocketServer)
[2025-05-03 17:03:18,227] INFO Broker and topic stats closed (kafka.server.BrokerTopicStats)
[2025-05-03 17:03:18,228] INFO [BrokerLifecycleManager id=0] closed event queue. (org.apache.kafka.queue.KafkaEventQueue)
[2025-05-03 17:03:18,228] INFO [BrokerServer id=0] shut down completed (kafka.server.BrokerServer)
[2025-05-03 17:03:18,229] INFO [BrokerServer id=0] Transition from SHUTTING_DOWN to SHUTDOWN (kafka.server.BrokerServer)
[2025-05-03 17:03:18,229] INFO [ControllerServer id=0] shutting down (kafka.server.ControllerServer)
[2025-05-03 17:03:18,230] INFO [raft-expiration-reaper]: Shutting down (kafka.raft.TimingWheelExpirationService$ExpiredOperationReaper)
[2025-05-03 17:03:18,245] INFO [BrokerMetadataListener id=0] Not processing HandleCommitsEvent because the event queue is closed. (kafka.server.metadata.BrokerMetadataListener)
[2025-05-03 17:03:18,418] INFO [raft-expiration-reaper]: Stopped (kafka.raft.TimingWheelExpirationService$ExpiredOperationReaper)
[2025-05-03 17:03:18,418] INFO [raft-expiration-reaper]: Shutdown completed (kafka.raft.TimingWheelExpirationService$ExpiredOperationReaper)
[2025-05-03 17:03:18,419] INFO [kafka-raft-io-thread]: Shutting down (kafka.raft.KafkaRaftManager$RaftIoThread)
[2025-05-03 17:03:18,420] INFO [RaftManager nodeId=0] Beginning graceful shutdown (org.apache.kafka.raft.KafkaRaftClient)
[2025-05-03 17:03:18,421] INFO [RaftManager nodeId=0] Graceful shutdown completed (org.apache.kafka.raft.KafkaRaftClient)
[2025-05-03 17:03:18,421] INFO [kafka-raft-io-thread]: Completed graceful shutdown of RaftClient (kafka.raft.KafkaRaftManager$RaftIoThread)
[2025-05-03 17:03:18,421] INFO [kafka-raft-io-thread]: Stopped (kafka.raft.KafkaRaftManager$RaftIoThread)
[2025-05-03 17:03:18,421] INFO [kafka-raft-io-thread]: Shutdown completed (kafka.raft.KafkaRaftManager$RaftIoThread)
[2025-05-03 17:03:18,424] INFO [kafka-raft-outbound-request-thread]: Shutting down (kafka.raft.RaftSendThread)
[2025-05-03 17:03:18,424] INFO [kafka-raft-outbound-request-thread]: Stopped (kafka.raft.RaftSendThread)
[2025-05-03 17:03:18,424] INFO [kafka-raft-outbound-request-thread]: Shutdown completed (kafka.raft.RaftSendThread)
[2025-05-03 17:03:18,429] INFO [ProducerStateManager partition=__cluster_metadata-0] Wrote producer snapshot at offset 161 with 0 producer ids in 3 ms. (kafka.log.ProducerStateManager)
[2025-05-03 17:03:18,435] INFO [SocketServer listenerType=CONTROLLER, nodeId=0] Stopping socket server request processors (kafka.network.SocketServer)
[2025-05-03 17:03:18,437] INFO [SocketServer listenerType=CONTROLLER, nodeId=0] Stopped socket server request processors (kafka.network.SocketServer)
[2025-05-03 17:03:18,439] INFO [Controller 0] QuorumController#beginShutdown: shutting down event queue. (org.apache.kafka.queue.KafkaEventQueue)
[2025-05-03 17:03:18,439] ERROR [Controller 0] writeNoOpRecord: unable to start processing because of TimeoutException. (org.apache.kafka.controller.QuorumController)
[2025-05-03 17:03:18,439] INFO [SocketServer listenerType=CONTROLLER, nodeId=0] Shutting down socket server (kafka.network.SocketServer)
[2025-05-03 17:03:18,443] INFO [SocketServer listenerType=CONTROLLER, nodeId=0] Shutdown completed (kafka.network.SocketServer)
[2025-05-03 17:03:18,444] INFO [data-plane Kafka Request Handler on Broker 0], shutting down (kafka.server.KafkaRequestHandlerPool)
[2025-05-03 17:03:18,445] INFO [data-plane Kafka Request Handler on Broker 0], shut down completely (kafka.server.KafkaRequestHandlerPool)
[2025-05-03 17:03:18,445] INFO [ExpirationReaper-0-AlterAcls]: Shutting down (kafka.server.DelayedOperationPurgatory$ExpiredOperationReaper)
[2025-05-03 17:03:18,446] INFO [ExpirationReaper-0-AlterAcls]: Stopped (kafka.server.DelayedOperationPurgatory$ExpiredOperationReaper)
[2025-05-03 17:03:18,446] INFO [ExpirationReaper-0-AlterAcls]: Shutdown completed (kafka.server.DelayedOperationPurgatory$ExpiredOperationReaper)
[2025-05-03 17:03:18,447] INFO [ThrottledChannelReaper-Fetch]: Shutting down (kafka.server.ClientQuotaManager$ThrottledChannelReaper)
[2025-05-03 17:03:18,447] INFO [ThrottledChannelReaper-Fetch]: Stopped (kafka.server.ClientQuotaManager$ThrottledChannelReaper)
[2025-05-03 17:03:18,447] INFO [ThrottledChannelReaper-Fetch]: Shutdown completed (kafka.server.ClientQuotaManager$ThrottledChannelReaper)
[2025-05-03 17:03:18,448] INFO [ThrottledChannelReaper-Produce]: Shutting down (kafka.server.ClientQuotaManager$ThrottledChannelReaper)
[2025-05-03 17:03:18,448] INFO [ThrottledChannelReaper-Produce]: Stopped (kafka.server.ClientQuotaManager$ThrottledChannelReaper)
[2025-05-03 17:03:18,448] INFO [ThrottledChannelReaper-Produce]: Shutdown completed (kafka.server.ClientQuotaManager$ThrottledChannelReaper)
[2025-05-03 17:03:18,449] INFO [ThrottledChannelReaper-Request]: Shutting down (kafka.server.ClientQuotaManager$ThrottledChannelReaper)
[2025-05-03 17:03:18,449] INFO [ThrottledChannelReaper-Request]: Stopped (kafka.server.ClientQuotaManager$ThrottledChannelReaper)
[2025-05-03 17:03:18,449] INFO [ThrottledChannelReaper-Request]: Shutdown completed (kafka.server.ClientQuotaManager$ThrottledChannelReaper)
[2025-05-03 17:03:18,449] INFO [ThrottledChannelReaper-ControllerMutation]: Shutting down (kafka.server.ClientQuotaManager$ThrottledChannelReaper)
[2025-05-03 17:03:18,450] INFO [ThrottledChannelReaper-ControllerMutation]: Stopped (kafka.server.ClientQuotaManager$ThrottledChannelReaper)
[2025-05-03 17:03:18,450] INFO [ThrottledChannelReaper-ControllerMutation]: Shutdown completed (kafka.server.ClientQuotaManager$ThrottledChannelReaper)
[2025-05-03 17:03:18,450] INFO [Controller 0] closed event queue. (org.apache.kafka.queue.KafkaEventQueue)
[2025-05-03 17:03:18,451] INFO [SharedServer id=0] Stopping SharedServer (kafka.server.SharedServer)
[2025-05-03 17:03:18,452] INFO [MetadataLoader 0] beginShutdown: shutting down event queue. (org.apache.kafka.queue.KafkaEventQueue)
[2025-05-03 17:03:18,452] INFO [SnapshotGenerator 0] close: shutting down event queue. (org.apache.kafka.queue.KafkaEventQueue)
[2025-05-03 17:03:18,452] INFO [SnapshotGenerator 0] closed event queue. (org.apache.kafka.queue.KafkaEventQueue)
[2025-05-03 17:03:18,453] INFO [MetadataLoader 0] closed event queue. (org.apache.kafka.queue.KafkaEventQueue)
[2025-05-03 17:03:18,453] INFO [SnapshotGenerator 0] closed event queue. (org.apache.kafka.queue.KafkaEventQueue)
[2025-05-03 17:03:18,454] INFO Metrics scheduler closed (org.apache.kafka.common.metrics.Metrics)
[2025-05-03 17:03:18,454] INFO Closing reporter org.apache.kafka.common.metrics.JmxReporter (org.apache.kafka.common.metrics.Metrics)
[2025-05-03 17:03:18,454] INFO Metrics reporters closed (org.apache.kafka.common.metrics.Metrics)
[2025-05-03 17:03:18,455] INFO App info kafka.server for 0 unregistered (org.apache.kafka.common.utils.AppInfoParser)
[2025-05-03 17:03:18,455] INFO App info kafka.server for 0 unregistered (org.apache.kafka.common.utils.AppInfoParser)
